This is XeTeX, Version 3.1415926-2.5-0.9999.3 (TeX Live 2013/Debian) (format=xelatex 2014.10.7)  25 JUN 2015 13:05
entering extended mode
 restricted \write18 enabled.
 %&-line parsing enabled.
**/home/khalid/Desktop/electromagneticsLatex/tex/myEMTvectors.tex
(/home/khalid/Desktop/electromagneticsLatex/tex/myEMTvectors.tex
LaTeX2e <2011/06/27>
Babel <3.9h> and hyphenation patterns for 78 languages loaded.
)
*
! Emergency stop.
<*> .../electromagneticsLatex/tex/myEMTvectors.tex
                                                  
End of file on the terminal!

 
Here is how much of TeX's memory you used:
 25 strings out of 493918
 267 string characters out of 6150563
 52172 words of memory out of 5000000
 3448 multiletter control sequences out of 15000+600000
 3640 words of font info for 14 fonts, out of 8000000 for 9000
 1144 hyphenation exceptions out of 8191
 7i,0n,6p,134b,8s stack positions out of 5000i,500n,10000p,200000b,80000s
No pages of output.
