This is XeTeX, Version 3.1415926-2.5-0.9999.3 (TeX Live 2013/Debian) (format=xelatex 2015.10.16)  5 FEB 2017 13:17
entering extended mode
 restricted \write18 enabled.
 %&-line parsing enabled.
**/home/khalid/Desktop/circuitAnalysisLatex/tex/myTikzCommandsCircuitAnalysis.t
ex $

(/home/khalid/Desktop/circuitAnalysisLatex/tex/myTikzCommandsCircuitAnalysis.te
x
LaTeX2e <2011/06/27>
Babel <3.9h> and hyphenation patterns for 78 languages loaded.
! Undefined control sequence.
l.3 \tikzset
            {->-/.style={decoration={markings, mark=at position #1 with {\ar...

? 
! Emergency stop.
l.3 \tikzset
            {->-/.style={decoration={markings, mark=at position #1 with {\ar...
End of file on the terminal!

 
Here is how much of TeX's memory you used:
 5 strings out of 493918
 266 string characters out of 6150562
 52172 words of memory out of 5000000
 3428 multiletter control sequences out of 15000+600000
 3640 words of font info for 14 fonts, out of 8000000 for 9000
 1144 hyphenation exceptions out of 8191
 5i,0n,1p,192b,8s stack positions out of 5000i,500n,10000p,200000b,80000s
No pages of output.
